# JRE version: OpenJDK Runtime Environment (8.0_152-b01) (build 1.8.0_152-release-915-b01)
# Java VM: OpenJDK 64-Bit Server VM (25.152-b01 mixed mode linux-amd64 compressed oops)
Heap:
 PSYoungGen      total 181248K, used 11245K [0x00000000e0000000, 0x00000000ec300000, 0x0000000100000000)
  eden space 169984K, 0% used [0x00000000e0000000,0x00000000e0000000,0x00000000ea600000)
  from space 11264K, 99% used [0x00000000ea600000,0x00000000eb0fb4f0,0x00000000eb100000)
  to   space 11776K, 0% used [0x00000000eb100000,0x00000000eb100000,0x00000000ebc80000)
 ParOldGen       total 41984K, used 21870K [0x00000000a0000000, 0x00000000a2900000, 0x00000000e0000000)
  object space 41984K, 52% used [0x00000000a0000000,0x00000000a155b800,0x00000000a2900000)
 Metaspace       used 49555K, capacity 50688K, committed 51032K, reserved 1093632K
  class space    used 6567K, capacity 6968K, committed 7040K, reserved 1048576K
GC Heap History (10 events):
Event: 7,181 GC heap after
Heap after GC invocations=8 (full 1):
 PSYoungGen      total 70656K, used 0K [0x00000000e0000000, 0x00000000e8900000, 0x0000000100000000)
  eden space 61952K, 0% used [0x00000000e0000000,0x00000000e0000000,0x00000000e3c80000)
  from space 8704K, 0% used [0x00000000e3c80000,0x00000000e3c80000,0x00000000e4500000)
  to   space 8192K, 0% used [0x00000000e8100000,0x00000000e8100000,0x00000000e8900000)
 ParOldGen       total 29696K, used 6873K [0x00000000a0000000, 0x00000000a1d00000, 0x00000000e0000000)
  object space 29696K, 23% used [0x00000000a0000000,0x00000000a06b66f8,0x00000000a1d00000)
 Metaspace       used 20735K, capacity 21122K, committed 21248K, reserved 1067008K
  class space    used 2883K, capacity 3038K, committed 3072K, reserved 1048576K
}
Event: 8,231 GC heap before
{Heap before GC invocations=9 (full 1):
 PSYoungGen      total 70656K, used 61952K [0x00000000e0000000, 0x00000000e8900000, 0x0000000100000000)
  eden space 61952K, 100% used [0x00000000e0000000,0x00000000e3c80000,0x00000000e3c80000)
  from space 8704K, 0% used [0x00000000e3c80000,0x00000000e3c80000,0x00000000e4500000)
  to   space 8192K, 0% used [0x00000000e8100000,0x00000000e8100000,0x00000000e8900000)
 ParOldGen       total 29696K, used 6873K [0x00000000a0000000, 0x00000000a1d00000, 0x00000000e0000000)
  object space 29696K, 23% used [0x00000000a0000000,0x00000000a06b66f8,0x00000000a1d00000)
 Metaspace       used 26843K, capacity 27272K, committed 27648K, reserved 1073152K
  class space    used 3634K, capacity 3799K, committed 3840K, reserved 1048576K
Event: 8,240 GC heap after
Heap after GC invocations=9 (full 1):
 PSYoungGen      total 121856K, used 7232K [0x00000000e0000000, 0x00000000e8880000, 0x0000000100000000)
  eden space 114176K, 0% used [0x00000000e0000000,0x00000000e0000000,0x00000000e6f80000)
  from space 7680K, 94% used [0x00000000e8100000,0x00000000e8810260,0x00000000e8880000)
  to   space 9216K, 0% used [0x00000000e7680000,0x00000000e7680000,0x00000000e7f80000)
 ParOldGen       total 29696K, used 6881K [0x00000000a0000000, 0x00000000a1d00000, 0x00000000e0000000)
  object space 29696K, 23% used [0x00000000a0000000,0x00000000a06b86f8,0x00000000a1d00000)
 Metaspace       used 26843K, capacity 27272K, committed 27648K, reserved 1073152K
  class space    used 3634K, capacity 3799K, committed 3840K, reserved 1048576K
}
Event: 10,950 GC heap before
{Heap before GC invocations=10 (full 1):
 PSYoungGen      total 121856K, used 121408K [0x00000000e0000000, 0x00000000e8880000, 0x0000000100000000)
  eden space 114176K, 100% used [0x00000000e0000000,0x00000000e6f80000,0x00000000e6f80000)
  from space 7680K, 94% used [0x00000000e8100000,0x00000000e8810260,0x00000000e8880000)
  to   space 9216K, 0% used [0x00000000e7680000,0x00000000e7680000,0x00000000e7f80000)
 ParOldGen       total 29696K, used 6881K [0x00000000a0000000, 0x00000000a1d00000, 0x00000000e0000000)
  object space 29696K, 23% used [0x00000000a0000000,0x00000000a06b86f8,0x00000000a1d00000)
 Metaspace       used 34105K, capacity 34874K, committed 35200K, reserved 1079296K
  class space    used 4594K, capacity 4894K, committed 4992K, reserved 1048576K
Event: 10,971 GC heap after
Heap after GC invocations=10 (full 1):
 PSYoungGen      total 130560K, used 9201K [0x00000000e0000000, 0x00000000ebc80000, 0x0000000100000000)
  eden space 121344K, 0% used [0x00000000e0000000,0x00000000e0000000,0x00000000e7680000)
  from space 9216K, 99% used [0x00000000e7680000,0x00000000e7f7c420,0x00000000e7f80000)
  to   space 11776K, 0% used [0x00000000eb100000,0x00000000eb100000,0x00000000ebc80000)
 ParOldGen       total 29696K, used 9624K [0x00000000a0000000, 0x00000000a1d00000, 0x00000000e0000000)
  object space 29696K, 32% used [0x00000000a0000000,0x00000000a0966388,0x00000000a1d00000)
 Metaspace       used 34105K, capacity 34874K, committed 35200K, reserved 1079296K
  class space    used 4594K, capacity 4894K, committed 4992K, reserved 1048576K
}
Event: 12,584 GC heap before
{Heap before GC invocations=11 (full 1):
 PSYoungGen      total 130560K, used 51091K [0x00000000e0000000, 0x00000000ebc80000, 0x0000000100000000)
  eden space 121344K, 34% used [0x00000000e0000000,0x00000000e28e89b0,0x00000000e7680000)
  from space 9216K, 99% used [0x00000000e7680000,0x00000000e7f7c420,0x00000000e7f80000)
  to   space 11776K, 0% used [0x00000000eb100000,0x00000000eb100000,0x00000000ebc80000)
 ParOldGen       total 29696K, used 9624K [0x00000000a0000000, 0x00000000a1d00000, 0x00000000e0000000)
  object space 29696K, 32% used [0x00000000a0000000,0x00000000a0966388,0x00000000a1d00000)
 Metaspace       used 34587K, capacity 35308K, committed 35416K, reserved 1079296K
  class space    used 4626K, capacity 4932K, committed 4992K, reserved 1048576K
Event: 12,590 GC heap after
Heap after GC invocations=11 (full 1):
 PSYoungGen      total 181760K, used 5440K [0x00000000e0000000, 0x00000000ec300000, 0x0000000100000000)
  eden space 169984K, 0% used [0x00000000e0000000,0x00000000e0000000,0x00000000ea600000)
  from space 11776K, 46% used [0x00000000eb100000,0x00000000eb650000,0x00000000ebc80000)
  to   space 11264K, 0% used [0x00000000ea600000,0x00000000ea600000,0x00000000eb100000)
 ParOldGen       total 29696K, used 12344K [0x00000000a0000000, 0x00000000a1d00000, 0x00000000e0000000)
  object space 29696K, 41% used [0x00000000a0000000,0x00000000a0c0e398,0x00000000a1d00000)
 Metaspace       used 34587K, capacity 35308K, committed 35416K, reserved 1079296K
  class space    used 4626K, capacity 4932K, committed 4992K, reserved 1048576K
}
Event: 12,590 GC heap before
{Heap before GC invocations=12 (full 2):
 PSYoungGen      total 181760K, used 5440K [0x00000000e0000000, 0x00000000ec300000, 0x0000000100000000)
  eden space 169984K, 0% used [0x00000000e0000000,0x00000000e0000000,0x00000000ea600000)
  from space 11776K, 46% used [0x00000000eb100000,0x00000000eb650000,0x00000000ebc80000)
  to   space 11264K, 0% used [0x00000000ea600000,0x00000000ea600000,0x00000000eb100000)
 ParOldGen       total 29696K, used 12344K [0x00000000a0000000, 0x00000000a1d00000, 0x00000000e0000000)
  object space 29696K, 41% used [0x00000000a0000000,0x00000000a0c0e398,0x00000000a1d00000)
 Metaspace       used 34587K, capacity 35308K, committed 35416K, reserved 1079296K
  class space    used 4626K, capacity 4932K, committed 4992K, reserved 1048576K
Event: 12,628 GC heap after
Heap after GC invocations=12 (full 2):
 PSYoungGen      total 181760K, used 0K [0x00000000e0000000, 0x00000000ec300000, 0x0000000100000000)
  eden space 169984K, 0% used [0x00000000e0000000,0x00000000e0000000,0x00000000ea600000)
  from space 11776K, 0% used [0x00000000eb100000,0x00000000eb100000,0x00000000ebc80000)
  to   space 11264K, 0% used [0x00000000ea600000,0x00000000ea600000,0x00000000eb100000)
 ParOldGen       total 41984K, used 14659K [0x00000000a0000000, 0x00000000a2900000, 0x00000000e0000000)
  object space 41984K, 34% used [0x00000000a0000000,0x00000000a0e50d60,0x00000000a2900000)
 Metaspace       used 34536K, capacity 35176K, committed 35416K, reserved 1079296K
  class space    used 4613K, capacity 4888K, committed 4992K, reserved 1048576K
}
Event: 22,686 GC heap before
{Heap before GC invocations=13 (full 2):
 PSYoungGen      total 181760K, used 169984K [0x00000000e0000000, 0x00000000ec300000, 0x0000000100000000)
  eden space 169984K, 100% used [0x00000000e0000000,0x00000000ea600000,0x00000000ea600000)
  from space 11776K, 0% used [0x00000000eb100000,0x00000000eb100000,0x00000000ebc80000)
  to   space 11264K, 0% used [0x00000000ea600000,0x00000000ea600000,0x00000000eb100000)
 ParOldGen       total 41984K, used 14659K [0x00000000a0000000, 0x00000000a2900000, 0x00000000e0000000)
  object space 41984K, 34% used [0x00000000a0000000,0x00000000a0e50d60,0x00000000a2900000)
 Metaspace       used 49555K, capacity 50688K, committed 51032K, reserved 1093632K
  class space    used 6567K, capacity 6968K, committed 7040K, reserved 1048576K

